{"/Users/edertaveira/Documents/Development/HealthIQ/question2/src/App.js": {"path":"/Users/edertaveira/Documents/Development/HealthIQ/question2/src/App.js","statementMap":{"0":{"start":{"line":18,"column":19},"end":{"line":18,"column":25}},"1":{"start":{"line":20,"column":24},"end":{"line":31,"column":1}},"2":{"start":{"line":21,"column":2},"end":{"line":21,"column":37}},"3":{"start":{"line":22,"column":2},"end":{"line":30,"column":4}},"4":{"start":{"line":33,"column":18},"end":{"line":36,"column":2}},"5":{"start":{"line":34,"column":16},"end":{"line":34,"column":43}},"6":{"start":{"line":38,"column":29},"end":{"line":38,"column":45}},"7":{"start":{"line":41,"column":2},"end":{"line":51,"column":4}},"8":{"start":{"line":46,"column":50},"end":{"line":46,"column":76}}},"fnMap":{"0":{"name":"(anonymous_0)","decl":{"start":{"line":20,"column":24},"end":{"line":20,"column":25}},"loc":{"start":{"line":20,"column":39},"end":{"line":31,"column":1}},"line":20},"1":{"name":"(anonymous_1)","decl":{"start":{"line":34,"column":10},"end":{"line":34,"column":11}},"loc":{"start":{"line":34,"column":16},"end":{"line":34,"column":43}},"line":34},"2":{"name":"App","decl":{"start":{"line":40,"column":9},"end":{"line":40,"column":12}},"loc":{"start":{"line":40,"column":15},"end":{"line":52,"column":1}},"line":40},"3":{"name":"(anonymous_3)","decl":{"start":{"line":46,"column":44},"end":{"line":46,"column":45}},"loc":{"start":{"line":46,"column":50},"end":{"line":46,"column":76}},"line":46}},"branchMap":{},"s":{"0":0,"1":0,"2":0,"3":0,"4":0,"5":0,"6":0,"7":0,"8":0},"f":{"0":0,"1":0,"2":0,"3":0},"b":{},"hash":"4544f468deaebcc2cb031d4724c6dafca5f94a67"}
,"/Users/edertaveira/Documents/Development/HealthIQ/question2/src/index.js": {"path":"/Users/edertaveira/Documents/Development/HealthIQ/question2/src/index.js","statementMap":{"0":{"start":{"line":7,"column":0},"end":{"line":7,"column":57}},"1":{"start":{"line":12,"column":0},"end":{"line":12,"column":27}}},"fnMap":{},"branchMap":{},"s":{"0":0,"1":0},"f":{},"b":{},"hash":"eb7694e39ee34814720fe7262b52c16ba02771bc"}
,"/Users/edertaveira/Documents/Development/HealthIQ/question2/src/serviceWorker.js": {"path":"/Users/edertaveira/Documents/Development/HealthIQ/question2/src/serviceWorker.js","statementMap":{"0":{"start":{"line":13,"column":20},"end":{"line":21,"column":1}},"1":{"start":{"line":24,"column":2},"end":{"line":54,"column":3}},"2":{"start":{"line":26,"column":22},"end":{"line":26,"column":75}},"3":{"start":{"line":27,"column":4},"end":{"line":32,"column":5}},"4":{"start":{"line":31,"column":6},"end":{"line":31,"column":13}},"5":{"start":{"line":34,"column":4},"end":{"line":53,"column":7}},"6":{"start":{"line":35,"column":20},"end":{"line":35,"column":65}},"7":{"start":{"line":37,"column":6},"end":{"line":52,"column":7}},"8":{"start":{"line":39,"column":8},"end":{"line":39,"column":47}},"9":{"start":{"line":43,"column":8},"end":{"line":48,"column":11}},"10":{"start":{"line":44,"column":10},"end":{"line":47,"column":12}},"11":{"start":{"line":51,"column":8},"end":{"line":51,"column":39}},"12":{"start":{"line":58,"column":2},"end":{"line":98,"column":7}},"13":{"start":{"line":61,"column":6},"end":{"line":94,"column":8}},"14":{"start":{"line":62,"column":33},"end":{"line":62,"column":56}},"15":{"start":{"line":63,"column":8},"end":{"line":65,"column":9}},"16":{"start":{"line":64,"column":10},"end":{"line":64,"column":17}},"17":{"start":{"line":66,"column":8},"end":{"line":93,"column":10}},"18":{"start":{"line":67,"column":10},"end":{"line":92,"column":11}},"19":{"start":{"line":68,"column":12},"end":{"line":91,"column":13}},"20":{"start":{"line":72,"column":14},"end":{"line":75,"column":16}},"21":{"start":{"line":78,"column":14},"end":{"line":80,"column":15}},"22":{"start":{"line":79,"column":16},"end":{"line":79,"column":46}},"23":{"start":{"line":85,"column":14},"end":{"line":85,"column":64}},"24":{"start":{"line":88,"column":14},"end":{"line":90,"column":15}},"25":{"start":{"line":89,"column":16},"end":{"line":89,"column":47}},"26":{"start":{"line":97,"column":6},"end":{"line":97,"column":72}},"27":{"start":{"line":103,"column":2},"end":{"line":128,"column":7}},"28":{"start":{"line":108,"column":26},"end":{"line":108,"column":62}},"29":{"start":{"line":109,"column":6},"end":{"line":122,"column":7}},"30":{"start":{"line":114,"column":8},"end":{"line":118,"column":11}},"31":{"start":{"line":115,"column":10},"end":{"line":117,"column":13}},"32":{"start":{"line":116,"column":12},"end":{"line":116,"column":37}},"33":{"start":{"line":121,"column":8},"end":{"line":121,"column":39}},"34":{"start":{"line":125,"column":6},"end":{"line":127,"column":8}},"35":{"start":{"line":132,"column":2},"end":{"line":140,"column":3}},"36":{"start":{"line":133,"column":4},"end":{"line":139,"column":9}},"37":{"start":{"line":135,"column":8},"end":{"line":135,"column":34}},"38":{"start":{"line":138,"column":8},"end":{"line":138,"column":37}}},"fnMap":{"0":{"name":"register","decl":{"start":{"line":23,"column":16},"end":{"line":23,"column":24}},"loc":{"start":{"line":23,"column":33},"end":{"line":55,"column":1}},"line":23},"1":{"name":"(anonymous_1)","decl":{"start":{"line":34,"column":36},"end":{"line":34,"column":37}},"loc":{"start":{"line":34,"column":42},"end":{"line":53,"column":5}},"line":34},"2":{"name":"(anonymous_2)","decl":{"start":{"line":43,"column":43},"end":{"line":43,"column":44}},"loc":{"start":{"line":43,"column":49},"end":{"line":48,"column":9}},"line":43},"3":{"name":"registerValidSW","decl":{"start":{"line":57,"column":9},"end":{"line":57,"column":24}},"loc":{"start":{"line":57,"column":40},"end":{"line":99,"column":1}},"line":57},"4":{"name":"(anonymous_4)","decl":{"start":{"line":60,"column":10},"end":{"line":60,"column":11}},"loc":{"start":{"line":60,"column":26},"end":{"line":95,"column":5}},"line":60},"5":{"name":"(anonymous_5)","decl":{"start":{"line":61,"column":35},"end":{"line":61,"column":36}},"loc":{"start":{"line":61,"column":41},"end":{"line":94,"column":7}},"line":61},"6":{"name":"(anonymous_6)","decl":{"start":{"line":66,"column":41},"end":{"line":66,"column":42}},"loc":{"start":{"line":66,"column":47},"end":{"line":93,"column":9}},"line":66},"7":{"name":"(anonymous_7)","decl":{"start":{"line":96,"column":11},"end":{"line":96,"column":12}},"loc":{"start":{"line":96,"column":20},"end":{"line":98,"column":5}},"line":96},"8":{"name":"checkValidServiceWorker","decl":{"start":{"line":101,"column":9},"end":{"line":101,"column":32}},"loc":{"start":{"line":101,"column":48},"end":{"line":129,"column":1}},"line":101},"9":{"name":"(anonymous_9)","decl":{"start":{"line":106,"column":10},"end":{"line":106,"column":11}},"loc":{"start":{"line":106,"column":22},"end":{"line":123,"column":5}},"line":106},"10":{"name":"(anonymous_10)","decl":{"start":{"line":114,"column":43},"end":{"line":114,"column":44}},"loc":{"start":{"line":114,"column":59},"end":{"line":118,"column":9}},"line":114},"11":{"name":"(anonymous_11)","decl":{"start":{"line":115,"column":41},"end":{"line":115,"column":42}},"loc":{"start":{"line":115,"column":47},"end":{"line":117,"column":11}},"line":115},"12":{"name":"(anonymous_12)","decl":{"start":{"line":124,"column":11},"end":{"line":124,"column":12}},"loc":{"start":{"line":124,"column":17},"end":{"line":128,"column":5}},"line":124},"13":{"name":"unregister","decl":{"start":{"line":131,"column":16},"end":{"line":131,"column":26}},"loc":{"start":{"line":131,"column":29},"end":{"line":141,"column":1}},"line":131},"14":{"name":"(anonymous_14)","decl":{"start":{"line":134,"column":12},"end":{"line":134,"column":13}},"loc":{"start":{"line":134,"column":28},"end":{"line":136,"column":7}},"line":134},"15":{"name":"(anonymous_15)","decl":{"start":{"line":137,"column":13},"end":{"line":137,"column":14}},"loc":{"start":{"line":137,"column":22},"end":{"line":139,"column":7}},"line":137}},"branchMap":{"0":{"loc":{"start":{"line":14,"column":2},"end":{"line":20,"column":5}},"type":"binary-expr","locations":[{"start":{"line":14,"column":2},"end":{"line":14,"column":42}},{"start":{"line":16,"column":4},"end":{"line":16,"column":40}},{"start":{"line":18,"column":4},"end":{"line":20,"column":5}}],"line":14},"1":{"loc":{"start":{"line":24,"column":2},"end":{"line":54,"column":3}},"type":"if","locations":[{"start":{"line":24,"column":2},"end":{"line":54,"column":3}},{"start":{"line":24,"column":2},"end":{"line":54,"column":3}}],"line":24},"2":{"loc":{"start":{"line":24,"column":6},"end":{"line":24,"column":75}},"type":"binary-expr","locations":[{"start":{"line":24,"column":6},"end":{"line":24,"column":43}},{"start":{"line":24,"column":47},"end":{"line":24,"column":75}}],"line":24},"3":{"loc":{"start":{"line":27,"column":4},"end":{"line":32,"column":5}},"type":"if","locations":[{"start":{"line":27,"column":4},"end":{"line":32,"column":5}},{"start":{"line":27,"column":4},"end":{"line":32,"column":5}}],"line":27},"4":{"loc":{"start":{"line":37,"column":6},"end":{"line":52,"column":7}},"type":"if","locations":[{"start":{"line":37,"column":6},"end":{"line":52,"column":7}},{"start":{"line":37,"column":6},"end":{"line":52,"column":7}}],"line":37},"5":{"loc":{"start":{"line":63,"column":8},"end":{"line":65,"column":9}},"type":"if","locations":[{"start":{"line":63,"column":8},"end":{"line":65,"column":9}},{"start":{"line":63,"column":8},"end":{"line":65,"column":9}}],"line":63},"6":{"loc":{"start":{"line":67,"column":10},"end":{"line":92,"column":11}},"type":"if","locations":[{"start":{"line":67,"column":10},"end":{"line":92,"column":11}},{"start":{"line":67,"column":10},"end":{"line":92,"column":11}}],"line":67},"7":{"loc":{"start":{"line":68,"column":12},"end":{"line":91,"column":13}},"type":"if","locations":[{"start":{"line":68,"column":12},"end":{"line":91,"column":13}},{"start":{"line":68,"column":12},"end":{"line":91,"column":13}}],"line":68},"8":{"loc":{"start":{"line":78,"column":14},"end":{"line":80,"column":15}},"type":"if","locations":[{"start":{"line":78,"column":14},"end":{"line":80,"column":15}},{"start":{"line":78,"column":14},"end":{"line":80,"column":15}}],"line":78},"9":{"loc":{"start":{"line":78,"column":18},"end":{"line":78,"column":43}},"type":"binary-expr","locations":[{"start":{"line":78,"column":18},"end":{"line":78,"column":24}},{"start":{"line":78,"column":28},"end":{"line":78,"column":43}}],"line":78},"10":{"loc":{"start":{"line":88,"column":14},"end":{"line":90,"column":15}},"type":"if","locations":[{"start":{"line":88,"column":14},"end":{"line":90,"column":15}},{"start":{"line":88,"column":14},"end":{"line":90,"column":15}}],"line":88},"11":{"loc":{"start":{"line":88,"column":18},"end":{"line":88,"column":44}},"type":"binary-expr","locations":[{"start":{"line":88,"column":18},"end":{"line":88,"column":24}},{"start":{"line":88,"column":28},"end":{"line":88,"column":44}}],"line":88},"12":{"loc":{"start":{"line":109,"column":6},"end":{"line":122,"column":7}},"type":"if","locations":[{"start":{"line":109,"column":6},"end":{"line":122,"column":7}},{"start":{"line":109,"column":6},"end":{"line":122,"column":7}}],"line":109},"13":{"loc":{"start":{"line":110,"column":8},"end":{"line":111,"column":73}},"type":"binary-expr","locations":[{"start":{"line":110,"column":8},"end":{"line":110,"column":31}},{"start":{"line":111,"column":9},"end":{"line":111,"column":28}},{"start":{"line":111,"column":32},"end":{"line":111,"column":72}}],"line":110},"14":{"loc":{"start":{"line":132,"column":2},"end":{"line":140,"column":3}},"type":"if","locations":[{"start":{"line":132,"column":2},"end":{"line":140,"column":3}},{"start":{"line":132,"column":2},"end":{"line":140,"column":3}}],"line":132}},"s":{"0":0,"1":0,"2":0,"3":0,"4":0,"5":0,"6":0,"7":0,"8":0,"9":0,"10":0,"11":0,"12":0,"13":0,"14":0,"15":0,"16":0,"17":0,"18":0,"19":0,"20":0,"21":0,"22":0,"23":0,"24":0,"25":0,"26":0,"27":0,"28":0,"29":0,"30":0,"31":0,"32":0,"33":0,"34":0,"35":0,"36":0,"37":0,"38":0},"f":{"0":0,"1":0,"2":0,"3":0,"4":0,"5":0,"6":0,"7":0,"8":0,"9":0,"10":0,"11":0,"12":0,"13":0,"14":0,"15":0},"b":{"0":[0,0,0],"1":[0,0],"2":[0,0],"3":[0,0],"4":[0,0],"5":[0,0],"6":[0,0],"7":[0,0],"8":[0,0],"9":[0,0],"10":[0,0],"11":[0,0],"12":[0,0],"13":[0,0,0],"14":[0,0]},"hash":"3d162e105abdc96e376d687ae428e8168d890747"}
,"/Users/edertaveira/Documents/Development/HealthIQ/question2/src/common/Container.js": {"path":"/Users/edertaveira/Documents/Development/HealthIQ/question2/src/common/Container.js","statementMap":{"0":{"start":{"line":6,"column":20},"end":{"line":6,"column":26}},"1":{"start":{"line":8,"column":18},"end":{"line":17,"column":1}},"2":{"start":{"line":9,"column":24},"end":{"line":9,"column":29}},"3":{"start":{"line":10,"column":2},"end":{"line":16,"column":4}}},"fnMap":{"0":{"name":"(anonymous_0)","decl":{"start":{"line":8,"column":18},"end":{"line":8,"column":19}},"loc":{"start":{"line":8,"column":29},"end":{"line":17,"column":1}},"line":8}},"branchMap":{},"s":{"0":0,"1":0,"2":0,"3":0},"f":{"0":0},"b":{},"hash":"c50c6167fb57d4f51ec6ebf43beb1a8fd1a3b7dd"}
,"/Users/edertaveira/Documents/Development/HealthIQ/question2/src/common/HandyAuth.js": {"path":"/Users/edertaveira/Documents/Development/HealthIQ/question2/src/common/HandyAuth.js","statementMap":{"0":{"start":{"line":9,"column":4},"end":{"line":12,"column":5}},"1":{"start":{"line":10,"column":23},"end":{"line":10,"column":43}},"2":{"start":{"line":11,"column":6},"end":{"line":11,"column":56}},"3":{"start":{"line":16,"column":4},"end":{"line":16,"column":23}},"4":{"start":{"line":17,"column":4},"end":{"line":17,"column":31}},"5":{"start":{"line":21,"column":24},"end":{"line":23,"column":2}},"6":{"start":{"line":21,"column":39},"end":{"line":23,"column":1}}},"fnMap":{"0":{"name":"(anonymous_0)","decl":{"start":{"line":8,"column":2},"end":{"line":8,"column":3}},"loc":{"start":{"line":8,"column":22},"end":{"line":13,"column":3}},"line":8},"1":{"name":"(anonymous_1)","decl":{"start":{"line":15,"column":2},"end":{"line":15,"column":3}},"loc":{"start":{"line":15,"column":11},"end":{"line":18,"column":3}},"line":15},"2":{"name":"(anonymous_2)","decl":{"start":{"line":21,"column":24},"end":{"line":21,"column":25}},"loc":{"start":{"line":21,"column":39},"end":{"line":23,"column":1}},"line":21}},"branchMap":{"0":{"loc":{"start":{"line":9,"column":4},"end":{"line":12,"column":5}},"type":"if","locations":[{"start":{"line":9,"column":4},"end":{"line":12,"column":5}},{"start":{"line":9,"column":4},"end":{"line":12,"column":5}}],"line":9}},"s":{"0":0,"1":0,"2":0,"3":0,"4":0,"5":0,"6":0},"f":{"0":0,"1":0,"2":0},"b":{"0":[0,0]},"hash":"dabcc73a59b51048b7243cbcbaae7435e097143a"}
,"/Users/edertaveira/Documents/Development/HealthIQ/question2/src/common/PageLoading.js": {"path":"/Users/edertaveira/Documents/Development/HealthIQ/question2/src/common/PageLoading.js","statementMap":{"0":{"start":{"line":5,"column":20},"end":{"line":23,"column":1}},"1":{"start":{"line":6,"column":2},"end":{"line":20,"column":3}},"2":{"start":{"line":7,"column":18},"end":{"line":12,"column":5}},"3":{"start":{"line":13,"column":4},"end":{"line":17,"column":6}},"4":{"start":{"line":18,"column":9},"end":{"line":20,"column":3}},"5":{"start":{"line":19,"column":4},"end":{"line":19,"column":66}},"6":{"start":{"line":22,"column":2},"end":{"line":22,"column":14}}},"fnMap":{"0":{"name":"(anonymous_0)","decl":{"start":{"line":5,"column":20},"end":{"line":5,"column":21}},"loc":{"start":{"line":5,"column":46},"end":{"line":23,"column":1}},"line":5}},"branchMap":{"0":{"loc":{"start":{"line":6,"column":2},"end":{"line":20,"column":3}},"type":"if","locations":[{"start":{"line":6,"column":2},"end":{"line":20,"column":3}},{"start":{"line":6,"column":2},"end":{"line":20,"column":3}}],"line":6},"1":{"loc":{"start":{"line":18,"column":9},"end":{"line":20,"column":3}},"type":"if","locations":[{"start":{"line":18,"column":9},"end":{"line":20,"column":3}},{"start":{"line":18,"column":9},"end":{"line":20,"column":3}}],"line":18}},"s":{"0":0,"1":0,"2":0,"3":0,"4":0,"5":0,"6":0},"f":{"0":0},"b":{"0":[0,0],"1":[0,0]},"hash":"a398a255504357ecc7044a8d18cb284cca9e623b"}
,"/Users/edertaveira/Documents/Development/HealthIQ/question2/src/common/ProtectedRoute.js": {"path":"/Users/edertaveira/Documents/Development/HealthIQ/question2/src/common/ProtectedRoute.js","statementMap":{"0":{"start":{"line":6,"column":23},"end":{"line":16,"column":1}},"1":{"start":{"line":7,"column":31},"end":{"line":14,"column":3}},"2":{"start":{"line":8,"column":25},"end":{"line":8,"column":37}},"3":{"start":{"line":9,"column":23},"end":{"line":9,"column":60}},"4":{"start":{"line":10,"column":4},"end":{"line":12,"column":5}},"5":{"start":{"line":11,"column":6},"end":{"line":11,"column":27}},"6":{"start":{"line":13,"column":4},"end":{"line":13,"column":47}},"7":{"start":{"line":15,"column":2},"end":{"line":15,"column":66}},"8":{"start":{"line":18,"column":0},"end":{"line":20,"column":2}},"9":{"start":{"line":22,"column":0},"end":{"line":25,"column":2}},"10":{"start":{"line":23,"column":20},"end":{"line":23,"column":23}},"11":{"start":{"line":28,"column":2},"end":{"line":31,"column":4}}},"fnMap":{"0":{"name":"(anonymous_0)","decl":{"start":{"line":6,"column":23},"end":{"line":6,"column":24}},"loc":{"start":{"line":6,"column":86},"end":{"line":16,"column":1}},"line":6},"1":{"name":"(anonymous_1)","decl":{"start":{"line":7,"column":31},"end":{"line":7,"column":32}},"loc":{"start":{"line":7,"column":42},"end":{"line":14,"column":3}},"line":7},"2":{"name":"(anonymous_2)","decl":{"start":{"line":23,"column":14},"end":{"line":23,"column":15}},"loc":{"start":{"line":23,"column":20},"end":{"line":23,"column":23}},"line":23},"3":{"name":"(anonymous_3)","decl":{"start":{"line":27,"column":23},"end":{"line":27,"column":24}},"loc":{"start":{"line":27,"column":34},"end":{"line":32,"column":1}},"line":27}},"branchMap":{"0":{"loc":{"start":{"line":9,"column":23},"end":{"line":9,"column":60}},"type":"binary-expr","locations":[{"start":{"line":9,"column":23},"end":{"line":9,"column":36}},{"start":{"line":9,"column":40},"end":{"line":9,"column":60}}],"line":9},"1":{"loc":{"start":{"line":10,"column":4},"end":{"line":12,"column":5}},"type":"if","locations":[{"start":{"line":10,"column":4},"end":{"line":12,"column":5}},{"start":{"line":10,"column":4},"end":{"line":12,"column":5}}],"line":10},"2":{"loc":{"start":{"line":10,"column":8},"end":{"line":10,"column":34}},"type":"binary-expr","locations":[{"start":{"line":10,"column":8},"end":{"line":10,"column":20}},{"start":{"line":10,"column":24},"end":{"line":10,"column":34}}],"line":10}},"s":{"0":0,"1":0,"2":0,"3":0,"4":0,"5":0,"6":0,"7":0,"8":0,"9":0,"10":0,"11":0},"f":{"0":0,"1":0,"2":0,"3":0},"b":{"0":[0,0],"1":[0,0],"2":[0,0]},"hash":"94005db289ff789467a323df66a6c78cea45235d"}
,"/Users/edertaveira/Documents/Development/HealthIQ/question2/src/common/Seo.js": {"path":"/Users/edertaveira/Documents/Development/HealthIQ/question2/src/common/Seo.js","statementMap":{"0":{"start":{"line":6,"column":26},"end":{"line":6,"column":43}},"1":{"start":{"line":7,"column":24},"end":{"line":7,"column":45}},"2":{"start":{"line":8,"column":18},"end":{"line":8,"column":32}},"3":{"start":{"line":9,"column":2},"end":{"line":51,"column":4}},"4":{"start":{"line":54,"column":0},"end":{"line":58,"column":2}},"5":{"start":{"line":60,"column":0},"end":{"line":65,"column":2}}},"fnMap":{"0":{"name":"Seo","decl":{"start":{"line":5,"column":9},"end":{"line":5,"column":12}},"loc":{"start":{"line":5,"column":49},"end":{"line":52,"column":1}},"line":5}},"branchMap":{"0":{"loc":{"start":{"line":6,"column":26},"end":{"line":6,"column":43}},"type":"binary-expr","locations":[{"start":{"line":6,"column":26},"end":{"line":6,"column":37}},{"start":{"line":6,"column":41},"end":{"line":6,"column":43}}],"line":6}},"s":{"0":0,"1":0,"2":0,"3":0,"4":1,"5":1},"f":{"0":0},"b":{"0":[0,0]},"_coverageSchema":"43e27e138ebf9cfc5966b082cf9a028302ed4184","hash":"ff06078bc5396fd9c6781b859f55c70207ebec41"}
,"/Users/edertaveira/Documents/Development/HealthIQ/question2/src/common/Sidebar.js": {"path":"/Users/edertaveira/Documents/Development/HealthIQ/question2/src/common/Sidebar.js","statementMap":{"0":{"start":{"line":9,"column":16},"end":{"line":44,"column":1}},"1":{"start":{"line":10,"column":20},"end":{"line":17,"column":3}},"2":{"start":{"line":19,"column":28},"end":{"line":19,"column":33}},"3":{"start":{"line":21,"column":22},"end":{"line":21,"column":92}},"4":{"start":{"line":21,"column":52},"end":{"line":21,"column":91}},"5":{"start":{"line":22,"column":17},"end":{"line":22,"column":84}},"6":{"start":{"line":24,"column":2},"end":{"line":43,"column":4}},"7":{"start":{"line":27,"column":44},"end":{"line":27,"column":48}},"8":{"start":{"line":28,"column":8},"end":{"line":35,"column":10}},"9":{"start":{"line":46,"column":24},"end":{"line":49,"column":2}},"10":{"start":{"line":46,"column":39},"end":{"line":49,"column":1}}},"fnMap":{"0":{"name":"(anonymous_0)","decl":{"start":{"line":9,"column":16},"end":{"line":9,"column":17}},"loc":{"start":{"line":9,"column":27},"end":{"line":44,"column":1}},"line":9},"1":{"name":"(anonymous_1)","decl":{"start":{"line":21,"column":42},"end":{"line":21,"column":43}},"loc":{"start":{"line":21,"column":52},"end":{"line":21,"column":91}},"line":21},"2":{"name":"(anonymous_2)","decl":{"start":{"line":26,"column":21},"end":{"line":26,"column":22}},"loc":{"start":{"line":26,"column":31},"end":{"line":36,"column":7}},"line":26},"3":{"name":"(anonymous_3)","decl":{"start":{"line":46,"column":24},"end":{"line":46,"column":25}},"loc":{"start":{"line":46,"column":39},"end":{"line":49,"column":1}},"line":46}},"branchMap":{"0":{"loc":{"start":{"line":22,"column":17},"end":{"line":22,"column":84}},"type":"cond-expr","locations":[{"start":{"line":22,"column":40},"end":{"line":22,"column":79}},{"start":{"line":22,"column":82},"end":{"line":22,"column":84}}],"line":22}},"s":{"0":0,"1":0,"2":0,"3":0,"4":0,"5":0,"6":0,"7":0,"8":0,"9":0,"10":0},"f":{"0":0,"1":0,"2":0,"3":0},"b":{"0":[0,0]},"hash":"729aa931d2dda9954e9502ea0855d8fe1549737f"}
,"/Users/edertaveira/Documents/Development/HealthIQ/question2/src/common/utils.js": {"path":"/Users/edertaveira/Documents/Development/HealthIQ/question2/src/common/utils.js","statementMap":{"0":{"start":{"line":1,"column":0},"end":{"line":13,"column":3}},"1":{"start":{"line":3,"column":50},"end":{"line":12,"column":3}}},"fnMap":{"0":{"name":"(anonymous_0)","decl":{"start":{"line":3,"column":38},"end":{"line":3,"column":39}},"loc":{"start":{"line":3,"column":50},"end":{"line":12,"column":3}},"line":3}},"branchMap":{},"s":{"0":0,"1":0},"f":{"0":0},"b":{},"hash":"0f04bcd5060e8ad3c5a3c8cce2c4cceb83f66fd0"}
,"/Users/edertaveira/Documents/Development/HealthIQ/question2/src/common/constants/endpoint.js": {"path":"/Users/edertaveira/Documents/Development/HealthIQ/question2/src/common/constants/endpoint.js","statementMap":{"0":{"start":{"line":1,"column":17},"end":{"line":1,"column":90}},"1":{"start":{"line":2,"column":0},"end":{"line":2,"column":30}}},"fnMap":{},"branchMap":{"0":{"loc":{"start":{"line":1,"column":17},"end":{"line":1,"column":90}},"type":"binary-expr","locations":[{"start":{"line":1,"column":17},"end":{"line":1,"column":47}},{"start":{"line":1,"column":51},"end":{"line":1,"column":90}}],"line":1}},"s":{"0":1,"1":1},"f":{},"b":{"0":[1,1]},"_coverageSchema":"43e27e138ebf9cfc5966b082cf9a028302ed4184","hash":"5140ba9c23d5b1bd8b4c0aca94967ee8805634ce"}
,"/Users/edertaveira/Documents/Development/HealthIQ/question2/src/common/constants/localeAntd.js": {"path":"/Users/edertaveira/Documents/Development/HealthIQ/question2/src/common/constants/localeAntd.js","statementMap":{"0":{"start":{"line":1,"column":0},"end":{"line":40,"column":2}}},"fnMap":{},"branchMap":{},"s":{"0":0},"f":{},"b":{},"hash":"febe5a957d9e949c6c7ba7479ae4c8ac55107348"}
,"/Users/edertaveira/Documents/Development/HealthIQ/question2/src/common/constants/momentPTBR.js": {"path":"/Users/edertaveira/Documents/Development/HealthIQ/question2/src/common/constants/momentPTBR.js","statementMap":{"0":{"start":{"line":1,"column":19},"end":{"line":42,"column":1}},"1":{"start":{"line":20,"column":10},"end":{"line":22,"column":38}},"2":{"start":{"line":44,"column":0},"end":{"line":44,"column":28}}},"fnMap":{"0":{"name":"(anonymous_0)","decl":{"start":{"line":19,"column":16},"end":{"line":19,"column":17}},"loc":{"start":{"line":19,"column":28},"end":{"line":23,"column":7}},"line":19}},"branchMap":{"0":{"loc":{"start":{"line":20,"column":17},"end":{"line":22,"column":37}},"type":"cond-expr","locations":[{"start":{"line":21,"column":14},"end":{"line":21,"column":37}},{"start":{"line":22,"column":14},"end":{"line":22,"column":37}}],"line":20},"1":{"loc":{"start":{"line":20,"column":18},"end":{"line":20,"column":54}},"type":"binary-expr","locations":[{"start":{"line":20,"column":18},"end":{"line":20,"column":34}},{"start":{"line":20,"column":38},"end":{"line":20,"column":54}}],"line":20}},"s":{"0":0,"1":0,"2":0},"f":{"0":0},"b":{"0":[0,0],"1":[0,0]},"hash":"808b8440517e71feb3e504726d3e37e347499bc4"}
,"/Users/edertaveira/Documents/Development/HealthIQ/question2/src/components/Details.js": {"path":"/Users/edertaveira/Documents/Development/HealthIQ/question2/src/components/Details.js","statementMap":{"0":{"start":{"line":9,"column":16},"end":{"line":104,"column":1}},"1":{"start":{"line":10,"column":26},"end":{"line":10,"column":40}},"2":{"start":{"line":11,"column":32},"end":{"line":11,"column":47}},"3":{"start":{"line":13,"column":2},"end":{"line":15,"column":9}},"4":{"start":{"line":14,"column":4},"end":{"line":14,"column":14}},"5":{"start":{"line":17,"column":18},"end":{"line":33,"column":3}},"6":{"start":{"line":18,"column":15},"end":{"line":18,"column":36}},"7":{"start":{"line":20,"column":4},"end":{"line":20,"column":21}},"8":{"start":{"line":21,"column":4},"end":{"line":32,"column":38}},"9":{"start":{"line":24,"column":20},"end":{"line":24,"column":31}},"10":{"start":{"line":25,"column":8},"end":{"line":29,"column":9}},"11":{"start":{"line":26,"column":10},"end":{"line":26,"column":39}},"12":{"start":{"line":28,"column":10},"end":{"line":28,"column":41}},"13":{"start":{"line":30,"column":8},"end":{"line":30,"column":26}},"14":{"start":{"line":32,"column":19},"end":{"line":32,"column":36}},"15":{"start":{"line":35,"column":2},"end":{"line":103,"column":4}},"16":{"start":{"line":39,"column":34},"end":{"line":39,"column":55}},"17":{"start":{"line":70,"column":22},"end":{"line":72,"column":34}},"18":{"start":{"line":80,"column":22},"end":{"line":83,"column":34}},"19":{"start":{"line":91,"column":22},"end":{"line":93,"column":34}}},"fnMap":{"0":{"name":"(anonymous_0)","decl":{"start":{"line":9,"column":16},"end":{"line":9,"column":17}},"loc":{"start":{"line":9,"column":27},"end":{"line":104,"column":1}},"line":9},"1":{"name":"(anonymous_1)","decl":{"start":{"line":13,"column":12},"end":{"line":13,"column":13}},"loc":{"start":{"line":13,"column":18},"end":{"line":15,"column":3}},"line":13},"2":{"name":"(anonymous_2)","decl":{"start":{"line":17,"column":18},"end":{"line":17,"column":19}},"loc":{"start":{"line":17,"column":30},"end":{"line":33,"column":3}},"line":17},"3":{"name":"(anonymous_3)","decl":{"start":{"line":23,"column":12},"end":{"line":23,"column":13}},"loc":{"start":{"line":23,"column":24},"end":{"line":31,"column":7}},"line":23},"4":{"name":"(anonymous_4)","decl":{"start":{"line":32,"column":13},"end":{"line":32,"column":14}},"loc":{"start":{"line":32,"column":19},"end":{"line":32,"column":36}},"line":32},"5":{"name":"(anonymous_5)","decl":{"start":{"line":39,"column":28},"end":{"line":39,"column":29}},"loc":{"start":{"line":39,"column":34},"end":{"line":39,"column":55}},"line":39},"6":{"name":"(anonymous_6)","decl":{"start":{"line":69,"column":32},"end":{"line":69,"column":33}},"loc":{"start":{"line":70,"column":22},"end":{"line":72,"column":34}},"line":70},"7":{"name":"(anonymous_7)","decl":{"start":{"line":79,"column":32},"end":{"line":79,"column":33}},"loc":{"start":{"line":80,"column":22},"end":{"line":83,"column":34}},"line":80},"8":{"name":"(anonymous_8)","decl":{"start":{"line":90,"column":32},"end":{"line":90,"column":33}},"loc":{"start":{"line":91,"column":22},"end":{"line":93,"column":34}},"line":91}},"branchMap":{"0":{"loc":{"start":{"line":25,"column":8},"end":{"line":29,"column":9}},"type":"if","locations":[{"start":{"line":25,"column":8},"end":{"line":29,"column":9}},{"start":{"line":25,"column":8},"end":{"line":29,"column":9}}],"line":25},"1":{"loc":{"start":{"line":37,"column":21},"end":{"line":37,"column":54}},"type":"cond-expr","locations":[{"start":{"line":37,"column":28},"end":{"line":37,"column":37}},{"start":{"line":37,"column":40},"end":{"line":37,"column":54}}],"line":37},"2":{"loc":{"start":{"line":39,"column":93},"end":{"line":39,"column":110}},"type":"binary-expr","locations":[{"start":{"line":39,"column":93},"end":{"line":39,"column":97}},{"start":{"line":39,"column":101},"end":{"line":39,"column":110}}],"line":39},"3":{"loc":{"start":{"line":40,"column":9},"end":{"line":100,"column":9}},"type":"binary-expr","locations":[{"start":{"line":40,"column":9},"end":{"line":40,"column":13}},{"start":{"line":41,"column":10},"end":{"line":99,"column":16}}],"line":40},"4":{"loc":{"start":{"line":58,"column":15},"end":{"line":63,"column":15}},"type":"binary-expr","locations":[{"start":{"line":58,"column":15},"end":{"line":58,"column":31}},{"start":{"line":59,"column":16},"end":{"line":62,"column":33}}],"line":58}},"s":{"0":0,"1":0,"2":0,"3":0,"4":0,"5":0,"6":0,"7":0,"8":0,"9":0,"10":0,"11":0,"12":0,"13":0,"14":0,"15":0,"16":0,"17":0,"18":0,"19":0},"f":{"0":0,"1":0,"2":0,"3":0,"4":0,"5":0,"6":0,"7":0,"8":0},"b":{"0":[0,0],"1":[0,0],"2":[0,0],"3":[0,0],"4":[0,0]},"hash":"822402c151e1ea80a874fe651b2cbc3551afdc86"}
,"/Users/edertaveira/Documents/Development/HealthIQ/question2/src/components/Home.js": {"path":"/Users/edertaveira/Documents/Development/HealthIQ/question2/src/components/Home.js","statementMap":{"0":{"start":{"line":11,"column":13},"end":{"line":122,"column":1}},"1":{"start":{"line":12,"column":26},"end":{"line":12,"column":38}},"2":{"start":{"line":13,"column":38},"end":{"line":13,"column":50}},"3":{"start":{"line":14,"column":30},"end":{"line":14,"column":57}},"4":{"start":{"line":15,"column":32},"end":{"line":15,"column":47}},"5":{"start":{"line":17,"column":2},"end":{"line":19,"column":9}},"6":{"start":{"line":18,"column":4},"end":{"line":18,"column":14}},"7":{"start":{"line":21,"column":17},"end":{"line":32,"column":3}},"8":{"start":{"line":22,"column":4},"end":{"line":22,"column":19}},"9":{"start":{"line":23,"column":4},"end":{"line":31,"column":5}},"10":{"start":{"line":24,"column":20},"end":{"line":27,"column":7}},"11":{"start":{"line":26,"column":10},"end":{"line":26,"column":117}},"12":{"start":{"line":28,"column":6},"end":{"line":28,"column":27}},"13":{"start":{"line":30,"column":6},"end":{"line":30,"column":27}},"14":{"start":{"line":34,"column":19},"end":{"line":38,"column":3}},"15":{"start":{"line":35,"column":16},"end":{"line":35,"column":34}},"16":{"start":{"line":36,"column":4},"end":{"line":36,"column":35}},"17":{"start":{"line":37,"column":4},"end":{"line":37,"column":16}},"18":{"start":{"line":40,"column":20},"end":{"line":44,"column":3}},"19":{"start":{"line":41,"column":4},"end":{"line":41,"column":19}},"20":{"start":{"line":42,"column":4},"end":{"line":43,"column":30}},"21":{"start":{"line":42,"column":27},"end":{"line":42,"column":60}},"22":{"start":{"line":43,"column":9},"end":{"line":43,"column":30}},"23":{"start":{"line":46,"column":18},"end":{"line":67,"column":3}},"24":{"start":{"line":47,"column":4},"end":{"line":50,"column":5}},"25":{"start":{"line":48,"column":6},"end":{"line":48,"column":29}},"26":{"start":{"line":49,"column":6},"end":{"line":49,"column":13}},"27":{"start":{"line":51,"column":4},"end":{"line":51,"column":21}},"28":{"start":{"line":52,"column":21},"end":{"line":52,"column":56}},"29":{"start":{"line":53,"column":4},"end":{"line":66,"column":38}},"30":{"start":{"line":56,"column":8},"end":{"line":63,"column":9}},"31":{"start":{"line":57,"column":24},"end":{"line":60,"column":12}},"32":{"start":{"line":58,"column":12},"end":{"line":58,"column":63}},"33":{"start":{"line":58,"column":41},"end":{"line":58,"column":61}},"34":{"start":{"line":59,"column":12},"end":{"line":59,"column":24}},"35":{"start":{"line":61,"column":10},"end":{"line":61,"column":27}},"36":{"start":{"line":62,"column":10},"end":{"line":62,"column":43}},"37":{"start":{"line":64,"column":8},"end":{"line":64,"column":26}},"38":{"start":{"line":66,"column":19},"end":{"line":66,"column":36}},"39":{"start":{"line":69,"column":2},"end":{"line":121,"column":4}},"40":{"start":{"line":90,"column":12},"end":{"line":90,"column":30}},"41":{"start":{"line":99,"column":10},"end":{"line":117,"column":22}},"42":{"start":{"line":124,"column":24},"end":{"line":127,"column":2}},"43":{"start":{"line":124,"column":39},"end":{"line":127,"column":1}}},"fnMap":{"0":{"name":"(anonymous_0)","decl":{"start":{"line":11,"column":13},"end":{"line":11,"column":14}},"loc":{"start":{"line":11,"column":24},"end":{"line":122,"column":1}},"line":11},"1":{"name":"(anonymous_1)","decl":{"start":{"line":17,"column":12},"end":{"line":17,"column":13}},"loc":{"start":{"line":17,"column":18},"end":{"line":19,"column":3}},"line":17},"2":{"name":"(anonymous_2)","decl":{"start":{"line":21,"column":17},"end":{"line":21,"column":18}},"loc":{"start":{"line":21,"column":40},"end":{"line":32,"column":3}},"line":21},"3":{"name":"(anonymous_3)","decl":{"start":{"line":25,"column":8},"end":{"line":25,"column":9}},"loc":{"start":{"line":26,"column":10},"end":{"line":26,"column":117}},"line":26},"4":{"name":"(anonymous_4)","decl":{"start":{"line":34,"column":19},"end":{"line":34,"column":20}},"loc":{"start":{"line":34,"column":30},"end":{"line":38,"column":3}},"line":34},"5":{"name":"(anonymous_5)","decl":{"start":{"line":40,"column":20},"end":{"line":40,"column":21}},"loc":{"start":{"line":40,"column":31},"end":{"line":44,"column":3}},"line":40},"6":{"name":"(anonymous_6)","decl":{"start":{"line":46,"column":18},"end":{"line":46,"column":19}},"loc":{"start":{"line":46,"column":30},"end":{"line":67,"column":3}},"line":46},"7":{"name":"(anonymous_7)","decl":{"start":{"line":55,"column":12},"end":{"line":55,"column":13}},"loc":{"start":{"line":55,"column":24},"end":{"line":65,"column":7}},"line":55},"8":{"name":"(anonymous_8)","decl":{"start":{"line":57,"column":40},"end":{"line":57,"column":41}},"loc":{"start":{"line":57,"column":50},"end":{"line":60,"column":11}},"line":57},"9":{"name":"(anonymous_9)","decl":{"start":{"line":58,"column":34},"end":{"line":58,"column":35}},"loc":{"start":{"line":58,"column":41},"end":{"line":58,"column":61}},"line":58},"10":{"name":"(anonymous_10)","decl":{"start":{"line":66,"column":13},"end":{"line":66,"column":14}},"loc":{"start":{"line":66,"column":19},"end":{"line":66,"column":36}},"line":66},"11":{"name":"(anonymous_11)","decl":{"start":{"line":89,"column":20},"end":{"line":89,"column":21}},"loc":{"start":{"line":89,"column":30},"end":{"line":91,"column":11}},"line":89},"12":{"name":"(anonymous_12)","decl":{"start":{"line":98,"column":20},"end":{"line":98,"column":21}},"loc":{"start":{"line":99,"column":10},"end":{"line":117,"column":22}},"line":99},"13":{"name":"(anonymous_13)","decl":{"start":{"line":124,"column":24},"end":{"line":124,"column":25}},"loc":{"start":{"line":124,"column":39},"end":{"line":127,"column":1}},"line":124}},"branchMap":{"0":{"loc":{"start":{"line":21,"column":23},"end":{"line":21,"column":35}},"type":"default-arg","locations":[{"start":{"line":21,"column":31},"end":{"line":21,"column":35}}],"line":21},"1":{"loc":{"start":{"line":23,"column":4},"end":{"line":31,"column":5}},"type":"if","locations":[{"start":{"line":23,"column":4},"end":{"line":31,"column":5}},{"start":{"line":23,"column":4},"end":{"line":31,"column":5}}],"line":23},"2":{"loc":{"start":{"line":26,"column":10},"end":{"line":26,"column":117}},"type":"binary-expr","locations":[{"start":{"line":26,"column":10},"end":{"line":26,"column":62}},{"start":{"line":26,"column":66},"end":{"line":26,"column":117}}],"line":26},"3":{"loc":{"start":{"line":42,"column":4},"end":{"line":43,"column":30}},"type":"if","locations":[{"start":{"line":42,"column":4},"end":{"line":43,"column":30}},{"start":{"line":42,"column":4},"end":{"line":43,"column":30}}],"line":42},"4":{"loc":{"start":{"line":47,"column":4},"end":{"line":50,"column":5}},"type":"if","locations":[{"start":{"line":47,"column":4},"end":{"line":50,"column":5}},{"start":{"line":47,"column":4},"end":{"line":50,"column":5}}],"line":47},"5":{"loc":{"start":{"line":56,"column":8},"end":{"line":63,"column":9}},"type":"if","locations":[{"start":{"line":56,"column":8},"end":{"line":63,"column":9}},{"start":{"line":56,"column":8},"end":{"line":63,"column":9}}],"line":56}},"s":{"0":1,"1":0,"2":0,"3":0,"4":0,"5":0,"6":0,"7":0,"8":0,"9":0,"10":0,"11":0,"12":0,"13":0,"14":0,"15":0,"16":0,"17":0,"18":0,"19":0,"20":0,"21":0,"22":0,"23":0,"24":0,"25":0,"26":0,"27":0,"28":0,"29":0,"30":0,"31":0,"32":0,"33":0,"34":0,"35":0,"36":0,"37":0,"38":0,"39":0,"40":0,"41":0,"42":1,"43":0},"f":{"0":0,"1":0,"2":0,"3":0,"4":0,"5":0,"6":0,"7":0,"8":0,"9":0,"10":0,"11":0,"12":0,"13":0},"b":{"0":[0],"1":[0,0],"2":[0,0],"3":[0,0],"4":[0,0],"5":[0,0]},"_coverageSchema":"43e27e138ebf9cfc5966b082cf9a028302ed4184","hash":"5f921b32d16055205d8086121fce5160e040b35c"}
,"/Users/edertaveira/Documents/Development/HealthIQ/question2/src/reducers/appReducer.js": {"path":"/Users/edertaveira/Documents/Development/HealthIQ/question2/src/reducers/appReducer.js","statementMap":{"0":{"start":{"line":5,"column":28},"end":{"line":8,"column":2}}},"fnMap":{},"branchMap":{},"s":{"0":1},"f":{},"b":{},"_coverageSchema":"43e27e138ebf9cfc5966b082cf9a028302ed4184","hash":"97bc56f7c0949de52bf0d770d1247983490d81e7"}
,"/Users/edertaveira/Documents/Development/HealthIQ/question2/src/reducers/commonReducer.js": {"path":"/Users/edertaveira/Documents/Development/HealthIQ/question2/src/reducers/commonReducer.js","statementMap":{"0":{"start":{"line":3,"column":21},"end":{"line":3,"column":37}},"1":{"start":{"line":6,"column":2},"end":{"line":13,"column":3}},"2":{"start":{"line":8,"column":6},"end":{"line":8,"column":48}},"3":{"start":{"line":10,"column":6},"end":{"line":10,"column":47}},"4":{"start":{"line":12,"column":6},"end":{"line":12,"column":19}}},"fnMap":{"0":{"name":"commonRoot","decl":{"start":{"line":5,"column":9},"end":{"line":5,"column":19}},"loc":{"start":{"line":5,"column":50},"end":{"line":14,"column":1}},"line":5}},"branchMap":{"0":{"loc":{"start":{"line":5,"column":20},"end":{"line":5,"column":40}},"type":"default-arg","locations":[{"start":{"line":5,"column":28},"end":{"line":5,"column":40}}],"line":5},"1":{"loc":{"start":{"line":6,"column":2},"end":{"line":13,"column":3}},"type":"switch","locations":[{"start":{"line":7,"column":4},"end":{"line":8,"column":48}},{"start":{"line":9,"column":4},"end":{"line":10,"column":47}},{"start":{"line":11,"column":4},"end":{"line":12,"column":19}}],"line":6}},"s":{"0":1,"1":5,"2":0,"3":0,"4":5},"f":{"0":5},"b":{"0":[3],"1":[0,0,5]},"_coverageSchema":"43e27e138ebf9cfc5966b082cf9a028302ed4184","hash":"da6845ebda684079ebbfedc659916078b7159788"}
,"/Users/edertaveira/Documents/Development/HealthIQ/question2/src/reducers/userReducer.js": {"path":"/Users/edertaveira/Documents/Development/HealthIQ/question2/src/reducers/userReducer.js","statementMap":{"0":{"start":{"line":3,"column":21},"end":{"line":3,"column":23}},"1":{"start":{"line":6,"column":2},"end":{"line":15,"column":3}},"2":{"start":{"line":8,"column":23},"end":{"line":8,"column":25}},"3":{"start":{"line":9,"column":6},"end":{"line":9,"column":42}},"4":{"start":{"line":10,"column":6},"end":{"line":10,"column":39}},"5":{"start":{"line":12,"column":6},"end":{"line":12,"column":16}},"6":{"start":{"line":14,"column":6},"end":{"line":14,"column":19}}},"fnMap":{"0":{"name":"userRoot","decl":{"start":{"line":5,"column":9},"end":{"line":5,"column":17}},"loc":{"start":{"line":5,"column":48},"end":{"line":16,"column":1}},"line":5}},"branchMap":{"0":{"loc":{"start":{"line":5,"column":18},"end":{"line":5,"column":38}},"type":"default-arg","locations":[{"start":{"line":5,"column":26},"end":{"line":5,"column":38}}],"line":5},"1":{"loc":{"start":{"line":6,"column":2},"end":{"line":15,"column":3}},"type":"switch","locations":[{"start":{"line":7,"column":4},"end":{"line":10,"column":39}},{"start":{"line":11,"column":4},"end":{"line":12,"column":16}},{"start":{"line":13,"column":4},"end":{"line":14,"column":19}}],"line":6}},"s":{"0":1,"1":5,"2":0,"3":0,"4":0,"5":0,"6":5},"f":{"0":5},"b":{"0":[3],"1":[0,0,5]},"_coverageSchema":"43e27e138ebf9cfc5966b082cf9a028302ed4184","hash":"3b3526063a188a01e78f26e789adc55c615eec6c"}
,"/Users/edertaveira/Documents/Development/HealthIQ/question2/src/reducers/actions/commonActions.js": {"path":"/Users/edertaveira/Documents/Development/HealthIQ/question2/src/reducers/actions/commonActions.js","statementMap":{"0":{"start":{"line":1,"column":22},"end":{"line":1,"column":30}},"1":{"start":{"line":2,"column":26},"end":{"line":2,"column":38}},"2":{"start":{"line":5,"column":2},"end":{"line":5,"column":33}},"3":{"start":{"line":8,"column":2},"end":{"line":8,"column":37}}},"fnMap":{"0":{"name":"searching","decl":{"start":{"line":4,"column":16},"end":{"line":4,"column":25}},"loc":{"start":{"line":4,"column":33},"end":{"line":6,"column":1}},"line":4},"1":{"name":"savePosts","decl":{"start":{"line":7,"column":16},"end":{"line":7,"column":25}},"loc":{"start":{"line":7,"column":33},"end":{"line":9,"column":1}},"line":7}},"branchMap":{},"s":{"0":1,"1":1,"2":0,"3":0},"f":{"0":0,"1":0},"b":{},"_coverageSchema":"43e27e138ebf9cfc5966b082cf9a028302ed4184","hash":"c2527591ad700e510bf88df87017240674e6410b"}
,"/Users/edertaveira/Documents/Development/HealthIQ/question2/src/reducers/actions/userActions.js": {"path":"/Users/edertaveira/Documents/Development/HealthIQ/question2/src/reducers/actions/userActions.js","statementMap":{"0":{"start":{"line":2,"column":30},"end":{"line":2,"column":46}},"1":{"start":{"line":3,"column":31},"end":{"line":3,"column":48}},"2":{"start":{"line":7,"column":2},"end":{"line":7,"column":24}},"3":{"start":{"line":8,"column":2},"end":{"line":8,"column":44}},"4":{"start":{"line":12,"column":2},"end":{"line":12,"column":35}}},"fnMap":{"0":{"name":"userLoggedInAction","decl":{"start":{"line":6,"column":16},"end":{"line":6,"column":34}},"loc":{"start":{"line":6,"column":45},"end":{"line":9,"column":1}},"line":6},"1":{"name":"userLoggedOutAction","decl":{"start":{"line":11,"column":16},"end":{"line":11,"column":35}},"loc":{"start":{"line":11,"column":38},"end":{"line":13,"column":1}},"line":11}},"branchMap":{},"s":{"0":1,"1":1,"2":0,"3":0,"4":0},"f":{"0":0,"1":0},"b":{},"_coverageSchema":"43e27e138ebf9cfc5966b082cf9a028302ed4184","hash":"b62b6eeac42df168668d1ea19c1580012396e7ee"}
,"/Users/edertaveira/Documents/Development/HealthIQ/question2/src/storage/configureStore.js": {"path":"/Users/edertaveira/Documents/Development/HealthIQ/question2/src/storage/configureStore.js","statementMap":{"0":{"start":{"line":8,"column":14},"end":{"line":8,"column":52}},"1":{"start":{"line":9,"column":22},"end":{"line":12,"column":1}},"2":{"start":{"line":14,"column":25},"end":{"line":14,"column":66}},"3":{"start":{"line":16,"column":23},"end":{"line":21,"column":1}},"4":{"start":{"line":17,"column":21},"end":{"line":17,"column":54}},"5":{"start":{"line":18,"column":14},"end":{"line":18,"column":75}},"6":{"start":{"line":19,"column":18},"end":{"line":19,"column":37}},"7":{"start":{"line":20,"column":2},"end":{"line":20,"column":30}}},"fnMap":{"0":{"name":"(anonymous_0)","decl":{"start":{"line":16,"column":23},"end":{"line":16,"column":24}},"loc":{"start":{"line":16,"column":29},"end":{"line":21,"column":1}},"line":16}},"branchMap":{"0":{"loc":{"start":{"line":17,"column":22},"end":{"line":17,"column":37}},"type":"binary-expr","locations":[{"start":{"line":17,"column":22},"end":{"line":17,"column":27}},{"start":{"line":17,"column":31},"end":{"line":17,"column":37}}],"line":17}},"s":{"0":1,"1":1,"2":1,"3":1,"4":1,"5":1,"6":1,"7":1},"f":{"0":1},"b":{"0":[1,0]},"_coverageSchema":"43e27e138ebf9cfc5966b082cf9a028302ed4184","hash":"464c7d7e99a2e8c479ba803c4a16a63607641fca"}
}
